Added Component: Designator=J1(SAMTEC_HDMR-19-02-F-SM)
Add component (AddParameter): Name = "Availability"; Value = "In Stock"; VariantName = "[No Variations]"
Add component (AddParameter): Name = "Check_prices"; Value = "https://www.snapeda.com/parts/HDMR-19-02-F-SM/Samtec/view-part/?ref=eda"; VariantName = "[No Variations]"
Add component (AddParameter): Name = "MF"; Value = "Samtec"; VariantName = "[No Variations]"
Add component (AddParameter): Name = "MP"; Value = "HDMR-19-02-F-SM"; VariantName = "[No Variations]"
Add component (AddParameter): Name = "Package"; Value = "None"; VariantName = "[No Variations]"
Add component (AddParameter): Name = "Price"; Value = "None"; VariantName = "[No Variations]"
Add component (AddParameter): Name = "Purchase-URL"; Value = "https://pricing.snapeda.com/search/part/HDMR-19-02-F-SM/?ref=eda"; VariantName = "[No Variations]"
Add component (AddParameter): Name = "SnapEDA_Link"; Value = "https://www.snapeda.com/parts/HDMR-19-02-F-SM/Samtec/view-part/?ref=snap"; VariantName = "[No Variations]"
Add component (AddParameter): Name = "Value"; Value = ""; VariantName = "[No Variations]"
Added Component: Designator=J2(SBH11-PBPC-D10-ST-BK)
Add component (AddParameter): Name = "Category"; Value = "Connectors"; VariantName = "[No Variations]"
Add component (AddParameter): Name = "ComponentLink1Description"; Value = "https://datasheet.ciiva.com/730/sbh11-pbpc-dxx-st-xx-730919.pdf?src-supplier=Digikey"; VariantName = "[No Variations]"
Add component (AddParameter): Name = "ComponentLink1URL"; Value = "https://datasheet.ciiva.com/730/sbh11-pbpc-dxx-st-xx-730919.pdf?src-supplier=Digikey"; VariantName = "[No Variations]"
Add component (AddParameter): Name = "Manufacturer"; Value = "Sullins"; VariantName = "[No Variations]"
Add component (AddParameter): Name = "Manufacturer Part Number"; Value = "SBH11-PBPC-D10-ST-BK"; VariantName = "[No Variations]"
Add component (AddParameter): Name = "Pricing"; Value = "1=0,65, 10=0,496, 80=0,38963, 440=0,32211, 945=0,29663, 4900=0,25024, 10000=0,2457 (USD)"; VariantName = "[No Variations]"
Add component (AddParameter): Name = "RoHS"; Value = "Yes"; VariantName = "[No Variations]"
Add component (AddParameter): Name = "Stock"; Value = "20189"; VariantName = "[No Variations]"
Add component (AddParameter): Name = "Supplier"; Value = "Digikey"; VariantName = "[No Variations]"
Add component (AddParameter): Name = "Supplier Part Number"; Value = "S9172-ND"; VariantName = "[No Variations]"
Added Component: Designator=J3(DS1021-1*2SF1-1)
Add component (AddParameter): Name = "Manufacturer"; Value = "Ningbo Connfly Electric"; VariantName = "[No Variations]"
Add component (AddParameter): Name = "Manufacturer Part Number"; Value = "DS1021-1*2SF1-1"; VariantName = "[No Variations]"
Add component (AddParameter): Name = "Pricing"; Value = "1=0,11 (EUR)"; VariantName = "[No Variations]"
Add component (AddParameter): Name = "RoHS"; Value = "No"; VariantName = "[No Variations]"
Add component (AddParameter): Name = "Supplier"; Value = "Conrad"; VariantName = "[No Variations]"
Add component (AddParameter): Name = "Supplier Part Number"; Value = "1390105"; VariantName = "[No Variations]"
Added Pin To Net: NetName=NetJ1_1 Pin=J2-1
Added Net: Name=NetJ1_1
Added Pin To Net: NetName=NetJ1_3 Pin=J2-9
Added Net: Name=NetJ1_3
Added Pin To Net: NetName=NetJ1_7 Pin=J2-7
Added Net: Name=NetJ1_7
Added Pin To Net: NetName=NetJ1_13 Pin=J1-13
Added Pin To Net: NetName=NetJ1_13 Pin=J2-2
Added Net: Name=NetJ1_13
Added Pin To Net: NetName=NetJ1_17 Pin=J1-17
Added Pin To Net: NetName=NetJ1_17 Pin=J3-1
Added Pin To Net: NetName=NetJ1_17 Pin=J3-1
Added Net: Name=NetJ1_17
Added Pin To Net: NetName=NetJ1_18 Pin=J1-18
Added Pin To Net: NetName=NetJ1_18 Pin=J3-2
Added Pin To Net: NetName=NetJ1_18 Pin=J3-2
Added Net: Name=NetJ1_18
