Added Component: Designator=J1(SWITCHCRAFT_RAHHD19TR)
Add component (AddParameter): Name = "Availability"; Value = "In Stock"; VariantName = "[No Variations]"
Add component (AddParameter): Name = "Check_prices"; Value = "https://www.snapeda.com/parts/RAHHD19TR/Switchcraft+%252F+Conxall/view-part/?ref=eda"; VariantName = "[No Variations]"
Add component (AddParameter): Name = "ComponentLink1Description"; Value = "Chipdip link"; VariantName = "[No Variations]"
Add component (AddParameter): Name = "ComponentLink1URL"; Value = "https://www.chipdip.ru/product0/8007174530"; VariantName = "[No Variations]"
Add component (AddParameter): Name = "MF"; Value = "Switchcraft Inc."; VariantName = "[No Variations]"
Add component (AddParameter): Name = "MP"; Value = "RAHHD19TR"; VariantName = "[No Variations]"
Add component (AddParameter): Name = "Package"; Value = "None"; VariantName = "[No Variations]"
Add component (AddParameter): Name = "Price"; Value = "None"; VariantName = "[No Variations]"
Add component (AddParameter): Name = "Purchase-URL"; Value = "https://pricing.snapeda.com/search/part/RAHHD19TR/?ref=eda"; VariantName = "[No Variations]"
Add component (AddParameter): Name = "SnapEDA_Link"; Value = "https://www.snapeda.com/parts/RAHHD19TR/Switchcraft+%252F+Conxall/view-part/?ref=snap"; VariantName = "[No Variations]"
Add component (AddParameter): Name = "Supplier 1"; Value = "https://www.chipdip.ru/product0/8007174530"; VariantName = "[No Variations]"
Add component (AddParameter): Name = "Value"; Value = ""; VariantName = "[No Variations]"
Added Component: Designator=J2(SBH11-PBPC-D10-ST-BK)
Add component (AddParameter): Name = "Category"; Value = "Connectors"; VariantName = "[No Variations]"
Add component (AddParameter): Name = "ComponentLink1Description"; Value = "https://datasheet.ciiva.com/730/sbh11-pbpc-dxx-st-xx-730919.pdf?src-supplier=Digikey"; VariantName = "[No Variations]"
Add component (AddParameter): Name = "ComponentLink1URL"; Value = "https://datasheet.ciiva.com/730/sbh11-pbpc-dxx-st-xx-730919.pdf?src-supplier=Digikey"; VariantName = "[No Variations]"
Add component (AddParameter): Name = "ComponentLink2Description"; Value = "Chipdip link"; VariantName = "[No Variations]"
Add component (AddParameter): Name = "ComponentLink2URL"; Value = "https://www.chipdip.ru/product0/8005812384"; VariantName = "[No Variations]"
Add component (AddParameter): Name = "Manufacturer"; Value = "Sullins"; VariantName = "[No Variations]"
Add component (AddParameter): Name = "Manufacturer Part Number"; Value = "SBH11-PBPC-D10-ST-BK"; VariantName = "[No Variations]"
Add component (AddParameter): Name = "Pricing"; Value = "1=0,65, 10=0,496, 80=0,38963, 440=0,32211, 945=0,29663, 4900=0,25024, 10000=0,2457 (USD)"; VariantName = "[No Variations]"
Add component (AddParameter): Name = "RoHS"; Value = "Yes"; VariantName = "[No Variations]"
Add component (AddParameter): Name = "Stock"; Value = "20189"; VariantName = "[No Variations]"
Add component (AddParameter): Name = "Supplier"; Value = "Digikey"; VariantName = "[No Variations]"
Add component (AddParameter): Name = "Supplier 1"; Value = "https://www.chipdip.ru/product0/8005812384"; VariantName = "[No Variations]"
Add component (AddParameter): Name = "Supplier Part Number"; Value = "S9172-ND"; VariantName = "[No Variations]"
Added Component: Designator=J3(DS1021-1*2SF1-1)
Add component (AddParameter): Name = "ComponentLink1Description"; Value = "Chipdip link"; VariantName = "[No Variations]"
Add component (AddParameter): Name = "ComponentLink1URL"; Value = "https://www.chipdip.ru/product0/8009330828"; VariantName = "[No Variations]"
Add component (AddParameter): Name = "Manufacturer"; Value = "Ningbo Connfly Electric"; VariantName = "[No Variations]"
Add component (AddParameter): Name = "Manufacturer Part Number"; Value = "DS1021-1*2SF1-1"; VariantName = "[No Variations]"
Add component (AddParameter): Name = "Pricing"; Value = "1=0,11 (EUR)"; VariantName = "[No Variations]"
Add component (AddParameter): Name = "RoHS"; Value = "No"; VariantName = "[No Variations]"
Add component (AddParameter): Name = "Supplier"; Value = "Conrad"; VariantName = "[No Variations]"
Add component (AddParameter): Name = "Supplier 1"; Value = "https://www.chipdip.ru/product0/8009330828"; VariantName = "[No Variations]"
Add component (AddParameter): Name = "Supplier Part Number"; Value = "1390105"; VariantName = "[No Variations]"
Added Component: Designator=J4(DS1021-1*2SF1-1)
Add component (AddParameter): Name = "ComponentLink1Description"; Value = "Chipdip link"; VariantName = "[No Variations]"
Add component (AddParameter): Name = "ComponentLink1URL"; Value = "https://www.chipdip.ru/product0/8009330828"; VariantName = "[No Variations]"
Add component (AddParameter): Name = "Manufacturer"; Value = "Ningbo Connfly Electric"; VariantName = "[No Variations]"
Add component (AddParameter): Name = "Manufacturer Part Number"; Value = "DS1021-1*2SF1-1"; VariantName = "[No Variations]"
Add component (AddParameter): Name = "Pricing"; Value = "1=0,11 (EUR)"; VariantName = "[No Variations]"
Add component (AddParameter): Name = "RoHS"; Value = "No"; VariantName = "[No Variations]"
Add component (AddParameter): Name = "Supplier"; Value = "Conrad"; VariantName = "[No Variations]"
Add component (AddParameter): Name = "Supplier 1"; Value = "https://www.chipdip.ru/product0/8009330828"; VariantName = "[No Variations]"
Add component (AddParameter): Name = "Supplier Part Number"; Value = "1390105"; VariantName = "[No Variations]"
Added Pin To Net: NetName=RESET Pin=J1-9
Added Pin To Net: NetName=RESET Pin=J2-15
Added Net: Name=RESET
Added Pin To Net: NetName=Rx Pin=J1-17
Added Pin To Net: NetName=Rx Pin=J3-1
Added Pin To Net: NetName=Rx Pin=J3-1
Added Net: Name=Rx
Added Pin To Net: NetName=SWCLK Pin=J1-3
Added Pin To Net: NetName=SWCLK Pin=J2-9
Added Net: Name=SWCLK
Added Pin To Net: NetName=SWDIO Pin=J1-7
Added Pin To Net: NetName=SWDIO Pin=J2-7
Added Net: Name=SWDIO
Added Pin To Net: NetName=Tx Pin=J1-19
Added Pin To Net: NetName=Tx Pin=J3-2
Added Pin To Net: NetName=Tx Pin=J3-2
Added Net: Name=Tx
Added Pin To Net: NetName=VCC_2 Pin=J1-13
Added Pin To Net: NetName=VCC_2 Pin=J2-2
Added Net: Name=VCC_2
Added Pin To Net: NetName=VCC Pin=J1-1
Added Pin To Net: NetName=VCC Pin=J2-1
Added Pin To Net: NetName=VCC Pin=J4-1
Added Pin To Net: NetName=VCC Pin=J4-1
Added Net: Name=VCC
